build/intermediates/manifest_merge_blame_file/debug/manifest-merger-blame-debug-report.txt
1<?xml version="1.0" encoding="utf-8"?>
2<manifest xmlns:android="http://schemas.android.com/apk/res/android"
3    package="com.AndroidExplorer"
4    android:versionCode="1"
5    android:versionName="@string/app_versao" >
6
7    <uses-sdk
7-->StudioProjects/recadastramento-android/AndroidManifest.xml:6:5-72
8        android:minSdkVersion="1"
8-->StudioProjects/recadastramento-android/AndroidManifest.xml:6:15-40
9        android:targetSdkVersion="1" />
9-->StudioProjects/recadastramento-android/AndroidManifest.xml:6:41-70
10
11    <uses-permission android:name="android.permission.ACCESS_GPS" />
11-->StudioProjects/recadastramento-android/AndroidManifest.xml:7:2-66
11-->StudioProjects/recadastramento-android/AndroidManifest.xml:7:19-63
12    <uses-permission android:name="android.permission.ACCESS_LOCATION" />
12-->StudioProjects/recadastramento-android/AndroidManifest.xml:8:2-71
12-->StudioProjects/recadastramento-android/AndroidManifest.xml:8:19-68
13    <uses-permission android:name="android.permission.ACCESS_COARSE_LOCATION" />
13-->StudioProjects/recadastramento-android/AndroidManifest.xml:9:2-78
13-->StudioProjects/recadastramento-android/AndroidManifest.xml:9:19-75
14    <uses-permission android:name="android.permission.ACCESS_FINE_LOCATION" />
14-->StudioProjects/recadastramento-android/AndroidManifest.xml:10:2-76
14-->StudioProjects/recadastramento-android/AndroidManifest.xml:10:19-73
15    <uses-permission android:name="android.permission.WRITE_EXTERNAL_STORAGE" />
15-->StudioProjects/recadastramento-android/AndroidManifest.xml:11:5-80
15-->StudioProjects/recadastramento-android/AndroidManifest.xml:11:22-78
16    <uses-permission android:name="android.permission.INTERNET" />
16-->StudioProjects/recadastramento-android/AndroidManifest.xml:12:2-63
16-->StudioProjects/recadastramento-android/AndroidManifest.xml:12:19-61
17    <uses-permission android:name="android.permission.READ_PHONE_STATE" />
17-->StudioProjects/recadastramento-android/AndroidManifest.xml:13:2-71
17-->StudioProjects/recadastramento-android/AndroidManifest.xml:13:19-69
18    <uses-permission android:name="android.permission.CAMERA" />
18-->StudioProjects/recadastramento-android/AndroidManifest.xml:15:2-61
18-->StudioProjects/recadastramento-android/AndroidManifest.xml:15:19-59
19
20    <uses-feature android:name="android.hardware.camera" />
20-->StudioProjects/recadastramento-android/AndroidManifest.xml:16:3-58
20-->StudioProjects/recadastramento-android/AndroidManifest.xml:16:17-55
21    <uses-feature android:name="android.hardware.camera.autofocus" />
21-->StudioProjects/recadastramento-android/AndroidManifest.xml:17:3-68
21-->StudioProjects/recadastramento-android/AndroidManifest.xml:17:17-65
22
23    <application
23-->StudioProjects/recadastramento-android/AndroidManifest.xml:19:5-70:17
24        android:allowTaskReparenting="true"
24-->StudioProjects/recadastramento-android/AndroidManifest.xml:19:73-108
25        android:debuggable="true"
26        android:icon="@drawable/gsan"
26-->StudioProjects/recadastramento-android/AndroidManifest.xml:19:18-47
27        android:label="Cadastro" >
27-->StudioProjects/recadastramento-android/AndroidManifest.xml:19:48-72
28        <activity
28-->StudioProjects/recadastramento-android/AndroidManifest.xml:20:9-25:20
29            android:name="com.AndroidExplorer.TelaInicial"
29-->StudioProjects/recadastramento-android/AndroidManifest.xml:20:19-46
30            android:theme="@android:style/Theme.NoTitleBar" >
30-->StudioProjects/recadastramento-android/AndroidManifest.xml:20:47-94
31            <intent-filter>
31-->StudioProjects/recadastramento-android/AndroidManifest.xml:21:13-24:29
32                <action android:name="android.intent.action.MAIN" />
32-->StudioProjects/recadastramento-android/AndroidManifest.xml:22:17-69
32-->StudioProjects/recadastramento-android/AndroidManifest.xml:22:25-66
33
34                <category android:name="android.intent.category.LAUNCHER" />
34-->StudioProjects/recadastramento-android/AndroidManifest.xml:23:17-77
34-->StudioProjects/recadastramento-android/AndroidManifest.xml:23:27-74
35            </intent-filter>
36        </activity>
37        <activity
37-->StudioProjects/recadastramento-android/AndroidManifest.xml:27:9-28:20
38            android:name="com.AndroidExplorer.MainTab"
38-->StudioProjects/recadastramento-android/AndroidManifest.xml:27:19-41
39            android:configChanges="orientation|keyboardHidden"
39-->StudioProjects/recadastramento-android/AndroidManifest.xml:27:111-161
40            android:launchMode="singleTask"
40-->StudioProjects/recadastramento-android/AndroidManifest.xml:27:42-73
41            android:screenOrientation="portrait"
41-->StudioProjects/recadastramento-android/AndroidManifest.xml:27:74-110
42            android:theme="@android:style/Theme.NoTitleBar" >
42-->StudioProjects/recadastramento-android/AndroidManifest.xml:27:162-209
43        </activity>
44        <activity
44-->StudioProjects/recadastramento-android/AndroidManifest.xml:30:9-31:20
45            android:name="com.AndroidExplorer.ListaRotas"
45-->StudioProjects/recadastramento-android/AndroidManifest.xml:30:19-45
46            android:configChanges="orientation|keyboardHidden"
46-->StudioProjects/recadastramento-android/AndroidManifest.xml:30:83-133
47            android:screenOrientation="portrait"
47-->StudioProjects/recadastramento-android/AndroidManifest.xml:30:46-82
48            android:theme="@android:style/Theme.NoTitleBar" >
48-->StudioProjects/recadastramento-android/AndroidManifest.xml:30:134-181
49        </activity>
50        <activity
50-->StudioProjects/recadastramento-android/AndroidManifest.xml:34:9-35:20
51            android:name="com.AndroidExplorer.MenuListaImoveis"
51-->StudioProjects/recadastramento-android/AndroidManifest.xml:34:19-51
52            android:launchMode="singleTask"
52-->StudioProjects/recadastramento-android/AndroidManifest.xml:34:52-83
53            android:theme="@android:style/Theme.NoTitleBar" >
53-->StudioProjects/recadastramento-android/AndroidManifest.xml:34:84-131
54        </activity>
55        <activity
55-->StudioProjects/recadastramento-android/AndroidManifest.xml:37:9-38:20
56            android:name="com.AndroidExplorer.ListaAddImovel"
56-->StudioProjects/recadastramento-android/AndroidManifest.xml:37:19-49
57            android:launchMode="singleTask"
57-->StudioProjects/recadastramento-android/AndroidManifest.xml:37:50-81
58            android:theme="@android:style/Theme.NoTitleBar" >
58-->StudioProjects/recadastramento-android/AndroidManifest.xml:37:82-129
59        </activity>
60        <activity
60-->StudioProjects/recadastramento-android/AndroidManifest.xml:40:6-41:20
61            android:name="com.AndroidExplorer.MenuPrincipal"
61-->StudioProjects/recadastramento-android/AndroidManifest.xml:40:16-45
62            android:configChanges="orientation|keyboardHidden"
62-->StudioProjects/recadastramento-android/AndroidManifest.xml:40:115-165
63            android:launchMode="singleTask"
63-->StudioProjects/recadastramento-android/AndroidManifest.xml:40:46-77
64            android:screenOrientation="portrait"
64-->StudioProjects/recadastramento-android/AndroidManifest.xml:40:78-114
65            android:theme="@android:style/Theme.NoTitleBar" >
65-->StudioProjects/recadastramento-android/AndroidManifest.xml:40:166-213
66        </activity>
67        <activity
67-->StudioProjects/recadastramento-android/AndroidManifest.xml:43:9-44:20
68            android:name="com.AndroidExplorer.ClienteTab"
68-->StudioProjects/recadastramento-android/AndroidManifest.xml:43:19-45
69            android:theme="@android:style/Theme.NoTitleBar" >
69-->StudioProjects/recadastramento-android/AndroidManifest.xml:43:46-93
70        </activity>
71        <activity
71-->StudioProjects/recadastramento-android/AndroidManifest.xml:46:9-47:20
72            android:name="com.AndroidExplorer.ImovelTab"
72-->StudioProjects/recadastramento-android/AndroidManifest.xml:46:19-44
73            android:theme="@android:style/Theme.NoTitleBar" >
73-->StudioProjects/recadastramento-android/AndroidManifest.xml:46:45-92
74        </activity>
75        <activity
75-->StudioProjects/recadastramento-android/AndroidManifest.xml:49:9-50:20
76            android:name="com.AndroidExplorer.ServicosTab"
76-->StudioProjects/recadastramento-android/AndroidManifest.xml:49:19-46
77            android:theme="@android:style/Theme.NoTitleBar" >
77-->StudioProjects/recadastramento-android/AndroidManifest.xml:49:47-94
78        </activity>
79        <activity
79-->StudioProjects/recadastramento-android/AndroidManifest.xml:52:9-53:20
80            android:name="com.AndroidExplorer.MedidorTab"
80-->StudioProjects/recadastramento-android/AndroidManifest.xml:52:19-45
81            android:theme="@android:style/Theme.NoTitleBar" >
81-->StudioProjects/recadastramento-android/AndroidManifest.xml:52:46-93
82        </activity>
83        <activity
83-->StudioProjects/recadastramento-android/AndroidManifest.xml:55:9-56:20
84            android:name="com.AndroidExplorer.AnormalidadeTab"
84-->StudioProjects/recadastramento-android/AndroidManifest.xml:55:19-50
85            android:theme="@android:style/Theme.NoTitleBar" >
85-->StudioProjects/recadastramento-android/AndroidManifest.xml:55:51-98
86        </activity>
87        <activity
87-->StudioProjects/recadastramento-android/AndroidManifest.xml:58:3-59:20
88            android:name="com.AndroidExplorer.TelaInformacoes"
88-->StudioProjects/recadastramento-android/AndroidManifest.xml:58:13-44
89            android:launchMode="singleTask"
89-->StudioProjects/recadastramento-android/AndroidManifest.xml:58:82-113
90            android:screenOrientation="portrait"
90-->StudioProjects/recadastramento-android/AndroidManifest.xml:58:45-81
91            android:theme="@android:style/Theme.NoTitleBar" >
91-->StudioProjects/recadastramento-android/AndroidManifest.xml:58:114-161
92        </activity>
93        <activity
93-->StudioProjects/recadastramento-android/AndroidManifest.xml:61:3-62:20
94            android:name="com.AndroidExplorer.TelaRelatorio"
94-->StudioProjects/recadastramento-android/AndroidManifest.xml:61:13-41
95            android:launchMode="singleTask"
95-->StudioProjects/recadastramento-android/AndroidManifest.xml:61:42-73
96            android:theme="@android:style/Theme.NoTitleBar" >
96-->StudioProjects/recadastramento-android/AndroidManifest.xml:61:74-121
97        </activity>
98        <activity
98-->StudioProjects/recadastramento-android/AndroidManifest.xml:64:3-65:20
99            android:name="com.AndroidExplorer.Consulta"
99-->StudioProjects/recadastramento-android/AndroidManifest.xml:64:13-36
100            android:launchMode="singleTask"
100-->StudioProjects/recadastramento-android/AndroidManifest.xml:64:37-68
101            android:theme="@android:style/Theme.NoTitleBar" >
101-->StudioProjects/recadastramento-android/AndroidManifest.xml:64:69-116
102        </activity>
103        <activity
103-->StudioProjects/recadastramento-android/AndroidManifest.xml:67:3-68:20
104            android:name="com.AndroidExplorer.ListaImoveis"
104-->StudioProjects/recadastramento-android/AndroidManifest.xml:67:13-41
105            android:launchMode="singleTask"
105-->StudioProjects/recadastramento-android/AndroidManifest.xml:67:42-73
106            android:theme="@android:style/Theme.NoTitleBar" >
106-->StudioProjects/recadastramento-android/AndroidManifest.xml:67:74-121
107        </activity>
108    </application>
109
110</manifest>